<?xml version="1.0" encoding="UTF-8"?>
<!-- Generated by org.testng.reporters.JUnitReportReporter -->
<testsuite name="org.com5104.testngselenium.AllSeleniumTests" tests="18" time="1.389" ignored="0" failures="1" timestamp="08 Dec 2017 00:12:40 GMT" skipped="16" hostname="DESKTOP-NQH07IS" errors="0">
  <testcase name="CreateStudentS2" time="0.000" classname="org.com5104.testngselenium.AllSeleniumTests">
    <skipped/>
  </testcase> <!-- CreateStudentS2 -->
  <testcase name="StudentS2TakeCourseC2" time="0.000" classname="org.com5104.testngselenium.AllSeleniumTests">
    <skipped/>
  </testcase> <!-- StudentS2TakeCourseC2 -->
  <testcase name="CreateStudentS1" time="0.896" classname="org.com5104.testngselenium.AllSeleniumTests">
    <failure type="java.lang.AssertionError">
      <![CDATA[java.lang.AssertionError
	at org.com5104.testngselenium.AllSeleniumTests.CreateStudentS1(AllSeleniumTests.java:48)
	at sun.reflect.NativeMethodAccessorImpl.invoke0(Native Method)
	at sun.reflect.NativeMethodAccessorImpl.invoke(Unknown Source)
	at sun.reflect.DelegatingMethodAccessorImpl.invoke(Unknown Source)
	at java.lang.reflect.Method.invoke(Unknown Source)
	at org.testng.internal.MethodInvocationHelper.invokeMethod(MethodInvocationHelper.java:104)
	at org.testng.internal.Invoker.invokeMethod(Invoker.java:645)
	at org.testng.internal.Invoker.invokeTestMethod(Invoker.java:851)
	at org.testng.internal.Invoker.invokeTestMethods(Invoker.java:1177)
	at org.testng.internal.TestMethodWorker.invokeTestMethods(TestMethodWorker.java:129)
	at org.testng.internal.TestMethodWorker.run(TestMethodWorker.java:112)
	at org.testng.TestRunner.privateRun(TestRunner.java:756)
	at org.testng.TestRunner.run(TestRunner.java:610)
	at org.testng.SuiteRunner.runTest(SuiteRunner.java:387)
	at org.testng.SuiteRunner.runSequentially(SuiteRunner.java:382)
	at org.testng.SuiteRunner.privateRun(SuiteRunner.java:340)
	at org.testng.SuiteRunner.run(SuiteRunner.java:289)
	at org.testng.SuiteRunnerWorker.runSuite(SuiteRunnerWorker.java:52)
	at org.testng.SuiteRunnerWorker.run(SuiteRunnerWorker.java:86)
	at org.testng.TestNG.runSuitesSequentially(TestNG.java:1293)
	at org.testng.TestNG.runSuitesLocally(TestNG.java:1218)
	at org.testng.TestNG.runSuites(TestNG.java:1133)
	at org.testng.TestNG.run(TestNG.java:1104)
	at org.testng.remote.AbstractRemoteTestNG.run(AbstractRemoteTestNG.java:114)
	at org.testng.remote.RemoteTestNG.initAndRun(RemoteTestNG.java:251)
	at org.testng.remote.RemoteTestNG.main(RemoteTestNG.java:77)
]]>
    </failure>
  </testcase> <!-- CreateStudentS1 -->
  <testcase name="DeleteStudentS1" time="0.000" classname="org.com5104.testngselenium.AllSeleniumTests">
    <skipped/>
  </testcase> <!-- DeleteStudentS1 -->
  <testcase name="StudentS2DeRegisterForCourseC2" time="0.000" classname="org.com5104.testngselenium.AllSeleniumTests">
    <skipped/>
  </testcase> <!-- StudentS2DeRegisterForCourseC2 -->
  <testcase name="StudentLogOut" time="0.000" classname="org.com5104.testngselenium.AllSeleniumTests">
    <skipped/>
  </testcase> <!-- StudentLogOut -->
  <testcase name="StudentS2TakeCourseC3" time="0.000" classname="org.com5104.testngselenium.AllSeleniumTests">
    <skipped/>
  </testcase> <!-- StudentS2TakeCourseC3 -->
  <testcase name="CreateCourseC1" time="0.001" classname="org.com5104.testngselenium.AllSeleniumTests">
    <skipped/>
  </testcase> <!-- CreateCourseC1 -->
  <testcase name="StudentS2RegisterForCourseC3" time="0.000" classname="org.com5104.testngselenium.AllSeleniumTests">
    <skipped/>
  </testcase> <!-- StudentS2RegisterForCourseC3 -->
  <testcase name="StudentS2RegisterForCourseC2" time="0.000" classname="org.com5104.testngselenium.AllSeleniumTests">
    <skipped/>
  </testcase> <!-- StudentS2RegisterForCourseC2 -->
  <testcase name="CreateCourseC2" time="0.000" classname="org.com5104.testngselenium.AllSeleniumTests">
    <skipped/>
  </testcase> <!-- CreateCourseC2 -->
  <testcase name="ClerkLogOut" time="0.000" classname="org.com5104.testngselenium.AllSeleniumTests">
    <skipped/>
  </testcase> <!-- ClerkLogOut -->
  <testcase name="StudentLoginS2" time="0.000" classname="org.com5104.testngselenium.AllSeleniumTests">
    <skipped/>
  </testcase> <!-- StudentLoginS2 -->
  <testcase name="DeleteCourseC1" time="0.000" classname="org.com5104.testngselenium.AllSeleniumTests">
    <skipped/>
  </testcase> <!-- DeleteCourseC1 -->
  <testcase name="StudentS2DropCourseC3" time="0.000" classname="org.com5104.testngselenium.AllSeleniumTests">
    <skipped/>
  </testcase> <!-- StudentS2DropCourseC3 -->
  <testcase name="CreateStudentS3" time="0.000" classname="org.com5104.testngselenium.AllSeleniumTests">
    <skipped/>
  </testcase> <!-- CreateStudentS3 -->
  <testcase name="CreateCourseC3" time="0.000" classname="org.com5104.testngselenium.AllSeleniumTests">
    <skipped/>
  </testcase> <!-- CreateCourseC3 -->
  <testcase name="ClerkLogin" time="0.492" classname="org.com5104.testngselenium.AllSeleniumTests"/>
</testsuite> <!-- org.com5104.testngselenium.AllSeleniumTests -->
